#
# This file is autogenerated by pip-compile with Python 3.11
# by the following command:
#
#    pip-compile --extra=openapi --output-file=dependencies-openapi.log
#
attrs==24.2.0
    # via
    #   jsonschema
    #   referencing
cachetools==5.5.0
    # via wipac-rest-tools (setup.py)
certifi==2024.8.30
    # via requests
cffi==1.17.1
    # via cryptography
charset-normalizer==3.3.2
    # via requests
cryptography==43.0.1
    # via pyjwt
idna==3.8
    # via requests
isodate==0.6.1
    # via openapi-core
jsonschema==4.23.0
    # via
    #   openapi-core
    #   openapi-schema-validator
    #   openapi-spec-validator
jsonschema-path==0.3.3
    # via
    #   openapi-core
    #   openapi-spec-validator
jsonschema-specifications==2023.12.1
    # via
    #   jsonschema
    #   openapi-schema-validator
lazy-object-proxy==1.10.0
    # via openapi-spec-validator
markupsafe==2.1.5
    # via werkzeug
more-itertools==10.5.0
    # via openapi-core
openapi-core==0.19.4
    # via wipac-rest-tools (setup.py)
openapi-schema-validator==0.6.2
    # via
    #   openapi-core
    #   openapi-spec-validator
openapi-spec-validator==0.7.1
    # via openapi-core
parse==1.20.2
    # via openapi-core
pathable==0.4.3
    # via jsonschema-path
pycparser==2.22
    # via cffi
pyjwt[crypto]==2.9.0
    # via wipac-rest-tools (setup.py)
pypng==0.20220715.0
    # via qrcode
pyyaml==6.0.2
    # via jsonschema-path
qrcode==7.4.2
    # via wipac-rest-tools (setup.py)
referencing==0.35.1
    # via
    #   jsonschema
    #   jsonschema-path
    #   jsonschema-specifications
requests==2.32.3
    # via
    #   jsonschema-path
    #   requests-futures
    #   wipac-dev-tools
    #   wipac-rest-tools (setup.py)
requests-futures==1.0.1
    # via wipac-rest-tools (setup.py)
rfc3339-validator==0.1.4
    # via openapi-schema-validator
rpds-py==0.20.0
    # via
    #   jsonschema
    #   referencing
six==1.16.0
    # via
    #   isodate
    #   rfc3339-validator
tornado==6.4.1
    # via wipac-rest-tools (setup.py)
typing-extensions==4.12.2
    # via
    #   qrcode
    #   wipac-dev-tools
urllib3==2.2.3
    # via
    #   requests
    #   wipac-rest-tools (setup.py)
werkzeug==3.0.4
    # via openapi-core
wipac-dev-tools==1.12.0
    # via wipac-rest-tools (setup.py)
