#
# This file is autogenerated by pip-compile with Python 3.11
# by the following command:
#
#    pip-compile --extra=mypy --output-file=dependencies-mypy.log
#
attrs==23.2.0
    # via
    #   jsonschema
    #   referencing
cachetools==5.3.3
    # via wipac-rest-tools (setup.py)
certifi==2024.2.2
    # via requests
cffi==1.16.0
    # via cryptography
charset-normalizer==3.3.2
    # via requests
click==8.1.7
    # via
    #   click-completion
    #   pycycle
click-completion==0.5.2
    # via pycycle
colorama==0.4.6
    # via crayons
coloredlogs==15.0.1
    # via wipac-telemetry
coverage[toml]==7.4.4
    # via
    #   pytest-cov
    #   wipac-rest-tools (setup.py)
crayons==0.4.0
    # via pycycle
cryptography==42.0.5
    # via
    #   pyjwt
    #   wipac-rest-tools (setup.py)
deprecated==1.2.14
    # via
    #   opentelemetry-api
    #   opentelemetry-exporter-otlp-proto-http
flake8==7.0.0
    # via wipac-rest-tools (setup.py)
googleapis-common-protos==1.59.1
    # via
    #   opentelemetry-exporter-jaeger-proto-grpc
    #   opentelemetry-exporter-otlp-proto-http
grpcio==1.62.1
    # via opentelemetry-exporter-jaeger-proto-grpc
httpretty==1.1.4
    # via wipac-rest-tools (setup.py)
humanfriendly==10.0
    # via coloredlogs
idna==3.7
    # via requests
importlib-metadata==7.0.0
    # via opentelemetry-api
iniconfig==2.0.0
    # via pytest
isodate==0.6.1
    # via openapi-core
jinja2==3.1.3
    # via click-completion
jsonschema==4.21.1
    # via
    #   openapi-core
    #   openapi-schema-validator
    #   openapi-spec-validator
jsonschema-path==0.3.2
    # via
    #   openapi-core
    #   openapi-spec-validator
jsonschema-specifications==2023.12.1
    # via
    #   jsonschema
    #   openapi-schema-validator
lazy-object-proxy==1.10.0
    # via openapi-spec-validator
markupsafe==2.1.5
    # via
    #   jinja2
    #   werkzeug
mccabe==0.7.0
    # via flake8
more-itertools==10.2.0
    # via openapi-core
mypy==1.9.0
    # via wipac-rest-tools (setup.py)
mypy-extensions==1.0.0
    # via mypy
openapi-core==0.19.1
    # via wipac-rest-tools (setup.py)
openapi-schema-validator==0.6.2
    # via
    #   openapi-core
    #   openapi-spec-validator
openapi-spec-validator==0.7.1
    # via openapi-core
opentelemetry-api==1.24.0
    # via
    #   opentelemetry-exporter-jaeger-proto-grpc
    #   opentelemetry-exporter-jaeger-thrift
    #   opentelemetry-exporter-otlp-proto-http
    #   opentelemetry-sdk
    #   wipac-telemetry
opentelemetry-exporter-jaeger==1.21.0
    # via wipac-telemetry
opentelemetry-exporter-jaeger-proto-grpc==1.21.0
    # via opentelemetry-exporter-jaeger
opentelemetry-exporter-jaeger-thrift==1.21.0
    # via opentelemetry-exporter-jaeger
opentelemetry-exporter-otlp-proto-common==1.24.0
    # via opentelemetry-exporter-otlp-proto-http
opentelemetry-exporter-otlp-proto-http==1.24.0
    # via wipac-telemetry
opentelemetry-proto==1.24.0
    # via
    #   opentelemetry-exporter-otlp-proto-common
    #   opentelemetry-exporter-otlp-proto-http
opentelemetry-sdk==1.24.0
    # via
    #   opentelemetry-exporter-jaeger-proto-grpc
    #   opentelemetry-exporter-jaeger-thrift
    #   opentelemetry-exporter-otlp-proto-http
    #   wipac-telemetry
opentelemetry-semantic-conventions==0.45b0
    # via opentelemetry-sdk
packaging==24.0
    # via pytest
parse==1.20.1
    # via openapi-core
pathable==0.4.3
    # via jsonschema-path
pluggy==1.4.0
    # via pytest
protobuf==4.25.3
    # via
    #   googleapis-common-protos
    #   opentelemetry-proto
    #   wipac-telemetry
pycodestyle==2.11.1
    # via flake8
pycparser==2.22
    # via cffi
pycycle==0.0.8
    # via wipac-rest-tools (setup.py)
pyflakes==3.2.0
    # via flake8
pyjwt[crypto]==2.8.0
    # via wipac-rest-tools (setup.py)
pypng==0.20220715.0
    # via qrcode
pytest==8.1.1
    # via
    #   pycycle
    #   pytest-asyncio
    #   pytest-cov
    #   pytest-mock
    #   wipac-rest-tools (setup.py)
pytest-asyncio==0.23.6
    # via wipac-rest-tools (setup.py)
pytest-cov==5.0.0
    # via wipac-rest-tools (setup.py)
pytest-mock==3.14.0
    # via wipac-rest-tools (setup.py)
pyyaml==6.0.1
    # via jsonschema-path
qrcode==7.4.2
    # via wipac-rest-tools (setup.py)
referencing==0.31.1
    # via
    #   jsonschema
    #   jsonschema-path
    #   jsonschema-specifications
requests==2.31.0
    # via
    #   jsonschema-path
    #   opentelemetry-exporter-otlp-proto-http
    #   requests-futures
    #   requests-mock
    #   wipac-dev-tools
    #   wipac-rest-tools (setup.py)
requests-futures==1.0.1
    # via wipac-rest-tools (setup.py)
requests-mock==1.12.1
    # via wipac-rest-tools (setup.py)
rfc3339-validator==0.1.4
    # via openapi-schema-validator
rpds-py==0.18.0
    # via
    #   jsonschema
    #   referencing
ruff==0.3.6
    # via wipac-rest-tools (setup.py)
shellingham==1.5.4
    # via click-completion
six==1.16.0
    # via
    #   click-completion
    #   isodate
    #   rfc3339-validator
    #   thrift
thrift==0.20.0
    # via opentelemetry-exporter-jaeger-thrift
tornado==6.4
    # via wipac-rest-tools (setup.py)
types-requests==2.31.0.20240406
    # via wipac-rest-tools (setup.py)
typing-extensions==4.11.0
    # via
    #   mypy
    #   opentelemetry-sdk
    #   qrcode
    #   wipac-dev-tools
    #   wipac-telemetry
urllib3==2.2.1
    # via
    #   requests
    #   types-requests
    #   wipac-rest-tools (setup.py)
werkzeug==3.0.2
    # via openapi-core
wheel==0.43.0
    # via wipac-rest-tools (setup.py)
wipac-dev-tools==1.9.1
    # via
    #   wipac-rest-tools (setup.py)
    #   wipac-telemetry
wipac-telemetry==0.3.0
    # via wipac-rest-tools (setup.py)
wrapt==1.16.0
    # via deprecated
zipp==3.18.1
    # via importlib-metadata
