#
# This file is autogenerated by pip-compile with Python 3.11
# by the following command:
#
#    pip-compile --output-file=dependencies.log
#
cachetools==5.4.0
    # via wipac-rest-tools (setup.py)
certifi==2024.7.4
    # via requests
cffi==1.17.0
    # via cryptography
charset-normalizer==3.3.2
    # via requests
cryptography==43.0.0
    # via pyjwt
idna==3.7
    # via requests
pycparser==2.22
    # via cffi
pyjwt[crypto]==2.9.0
    # via wipac-rest-tools (setup.py)
pypng==0.20220715.0
    # via qrcode
qrcode==7.4.2
    # via wipac-rest-tools (setup.py)
requests==2.32.3
    # via
    #   requests-futures
    #   wipac-dev-tools
    #   wipac-rest-tools (setup.py)
requests-futures==1.0.1
    # via wipac-rest-tools (setup.py)
tornado==6.4.1
    # via wipac-rest-tools (setup.py)
typing-extensions==4.12.2
    # via
    #   qrcode
    #   wipac-dev-tools
urllib3==2.2.2
    # via
    #   requests
    #   wipac-rest-tools (setup.py)
wipac-dev-tools==1.10.7
    # via wipac-rest-tools (setup.py)
