#
# This file is autogenerated by pip-compile with Python 3.11
# by the following command:
#
#    pip-compile --extra=telemetry --output-file=dependencies-telemetry.log
#
cachetools==5.4.0
    # via wipac-rest-tools (setup.py)
certifi==2024.7.4
    # via requests
cffi==1.17.0
    # via cryptography
charset-normalizer==3.3.2
    # via requests
coloredlogs==15.0.1
    # via wipac-telemetry
cryptography==43.0.0
    # via pyjwt
deprecated==1.2.14
    # via
    #   opentelemetry-api
    #   opentelemetry-exporter-otlp-proto-http
    #   opentelemetry-semantic-conventions
googleapis-common-protos==1.59.1
    # via
    #   opentelemetry-exporter-jaeger-proto-grpc
    #   opentelemetry-exporter-otlp-proto-http
grpcio==1.65.4
    # via opentelemetry-exporter-jaeger-proto-grpc
humanfriendly==10.0
    # via coloredlogs
idna==3.7
    # via requests
importlib-metadata==8.0.0
    # via opentelemetry-api
opentelemetry-api==1.26.0
    # via
    #   opentelemetry-exporter-jaeger-proto-grpc
    #   opentelemetry-exporter-jaeger-thrift
    #   opentelemetry-exporter-otlp-proto-http
    #   opentelemetry-sdk
    #   opentelemetry-semantic-conventions
    #   wipac-telemetry
opentelemetry-exporter-jaeger==1.21.0
    # via wipac-telemetry
opentelemetry-exporter-jaeger-proto-grpc==1.21.0
    # via opentelemetry-exporter-jaeger
opentelemetry-exporter-jaeger-thrift==1.21.0
    # via opentelemetry-exporter-jaeger
opentelemetry-exporter-otlp-proto-common==1.26.0
    # via opentelemetry-exporter-otlp-proto-http
opentelemetry-exporter-otlp-proto-http==1.26.0
    # via wipac-telemetry
opentelemetry-proto==1.26.0
    # via
    #   opentelemetry-exporter-otlp-proto-common
    #   opentelemetry-exporter-otlp-proto-http
opentelemetry-sdk==1.26.0
    # via
    #   opentelemetry-exporter-jaeger-proto-grpc
    #   opentelemetry-exporter-jaeger-thrift
    #   opentelemetry-exporter-otlp-proto-http
    #   wipac-telemetry
opentelemetry-semantic-conventions==0.47b0
    # via opentelemetry-sdk
protobuf==4.25.4
    # via
    #   googleapis-common-protos
    #   opentelemetry-proto
    #   wipac-telemetry
pycparser==2.22
    # via cffi
pyjwt[crypto]==2.9.0
    # via wipac-rest-tools (setup.py)
pypng==0.20220715.0
    # via qrcode
qrcode==7.4.2
    # via wipac-rest-tools (setup.py)
requests==2.32.3
    # via
    #   opentelemetry-exporter-otlp-proto-http
    #   requests-futures
    #   wipac-dev-tools
    #   wipac-rest-tools (setup.py)
requests-futures==1.0.1
    # via wipac-rest-tools (setup.py)
six==1.16.0
    # via thrift
thrift==0.20.0
    # via opentelemetry-exporter-jaeger-thrift
tornado==6.4.1
    # via wipac-rest-tools (setup.py)
typing-extensions==4.12.2
    # via
    #   opentelemetry-sdk
    #   qrcode
    #   wipac-dev-tools
    #   wipac-telemetry
urllib3==2.2.2
    # via
    #   requests
    #   wipac-rest-tools (setup.py)
wipac-dev-tools==1.10.7
    # via
    #   wipac-rest-tools (setup.py)
    #   wipac-telemetry
wipac-telemetry==0.3.0
    # via wipac-rest-tools (setup.py)
wrapt==1.16.0
    # via deprecated
zipp==3.19.2
    # via importlib-metadata
