#
# This file was autogenerated by WIPACrepo/wipac-dev-py-dependencies-action
#   from `pip install .[mypy]`
#   using Python 3.13.
#
########################################################################
#  pip freeze
########################################################################
attrs==25.1.0
cachetools==5.5.1
certifi==2025.1.31
cffi==1.17.1
charset-normalizer==3.4.1
click==8.1.8
click-completion==0.5.2
colorama==0.4.6
coloredlogs==15.0.1
coverage==7.6.12
crayons==0.4.0
cryptography==44.0.1
Deprecated==1.2.18
googleapis-common-protos==1.56.1
grpcio==1.70.0
httpretty==1.1.4
humanfriendly==10.0
idna==3.10
importlib_metadata==8.5.0
iniconfig==2.0.0
isodate==0.7.2
Jinja2==3.1.5
jsonschema==4.23.0
jsonschema-path==0.3.4
jsonschema-specifications==2024.10.1
lazy-object-proxy==1.10.0
MarkupSafe==3.0.2
more-itertools==10.6.0
openapi-core==0.19.4
openapi-schema-validator==0.6.3
openapi-spec-validator==0.7.1
opentelemetry-api==1.30.0
opentelemetry-exporter-jaeger==1.21.0
opentelemetry-exporter-jaeger-proto-grpc==1.21.0
opentelemetry-exporter-jaeger-thrift==1.21.0
opentelemetry-exporter-otlp-proto-common==1.30.0
opentelemetry-exporter-otlp-proto-http==1.30.0
opentelemetry-proto==1.30.0
opentelemetry-sdk==1.30.0
opentelemetry-semantic-conventions==0.51b0
packaging==24.2
parse==1.20.2
pathable==0.4.4
pluggy==1.5.0
protobuf==5.29.3
pycparser==2.22
pycycle==0.0.8
PyJWT==2.10.1
pytest==8.3.4
pytest-asyncio==0.25.3
pytest-cov==6.0.0
pytest-mock==3.14.0
PyYAML==6.0.2
qrcode==8.0
referencing==0.36.2
requests==2.32.3
requests-futures==1.0.2
requests-mock==1.12.1
rfc3339-validator==0.1.4
rpds-py==0.22.3
shellingham==1.5.4
six==1.17.0
thrift==0.21.0
tornado==6.4.2
types-requests==2.32.0.20241016
typing_extensions==4.12.2
urllib3==2.3.0
Werkzeug==3.1.3
wipac-dev-tools==1.15.3
wipac-telemetry==0.3.1
wrapt==1.17.2
zipp==3.21.0
########################################################################
#  pipdeptree
########################################################################
cryptography==44.0.1
└── cffi [required: >=1.12, installed: 1.17.1]
    └── pycparser [required: Any, installed: 2.22]
httpretty==1.1.4
openapi-core==0.19.4
├── isodate [required: Any, installed: 0.7.2]
├── jsonschema [required: >=4.18.0,<5.0.0, installed: 4.23.0]
│   ├── attrs [required: >=22.2.0, installed: 25.1.0]
│   ├── jsonschema-specifications [required: >=2023.03.6, installed: 2024.10.1]
│   │   └── referencing [required: >=0.31.0, installed: 0.36.2]
│   │       ├── attrs [required: >=22.2.0, installed: 25.1.0]
│   │       └── rpds-py [required: >=0.7.0, installed: 0.22.3]
│   ├── referencing [required: >=0.28.4, installed: 0.36.2]
│   │   ├── attrs [required: >=22.2.0, installed: 25.1.0]
│   │   └── rpds-py [required: >=0.7.0, installed: 0.22.3]
│   └── rpds-py [required: >=0.7.1, installed: 0.22.3]
├── jsonschema-path [required: >=0.3.1,<0.4.0, installed: 0.3.4]
│   ├── pathable [required: >=0.4.1,<0.5.0, installed: 0.4.4]
│   ├── PyYAML [required: >=5.1, installed: 6.0.2]
│   ├── referencing [required: <0.37.0, installed: 0.36.2]
│   │   ├── attrs [required: >=22.2.0, installed: 25.1.0]
│   │   └── rpds-py [required: >=0.7.0, installed: 0.22.3]
│   └── requests [required: >=2.31.0,<3.0.0, installed: 2.32.3]
│       ├── certifi [required: >=2017.4.17, installed: 2025.1.31]
│       ├── charset-normalizer [required: >=2,<4, installed: 3.4.1]
│       ├── idna [required: >=2.5,<4, installed: 3.10]
│       └── urllib3 [required: >=1.21.1,<3, installed: 2.3.0]
├── more-itertools [required: Any, installed: 10.6.0]
├── openapi-schema-validator [required: >=0.6.0,<0.7.0, installed: 0.6.3]
│   ├── jsonschema [required: >=4.19.1,<5.0.0, installed: 4.23.0]
│   │   ├── attrs [required: >=22.2.0, installed: 25.1.0]
│   │   ├── jsonschema-specifications [required: >=2023.03.6, installed: 2024.10.1]
│   │   │   └── referencing [required: >=0.31.0, installed: 0.36.2]
│   │   │       ├── attrs [required: >=22.2.0, installed: 25.1.0]
│   │   │       └── rpds-py [required: >=0.7.0, installed: 0.22.3]
│   │   ├── referencing [required: >=0.28.4, installed: 0.36.2]
│   │   │   ├── attrs [required: >=22.2.0, installed: 25.1.0]
│   │   │   └── rpds-py [required: >=0.7.0, installed: 0.22.3]
│   │   └── rpds-py [required: >=0.7.1, installed: 0.22.3]
│   ├── jsonschema-specifications [required: >=2023.5.2, installed: 2024.10.1]
│   │   └── referencing [required: >=0.31.0, installed: 0.36.2]
│   │       ├── attrs [required: >=22.2.0, installed: 25.1.0]
│   │       └── rpds-py [required: >=0.7.0, installed: 0.22.3]
│   └── rfc3339-validator [required: Any, installed: 0.1.4]
│       └── six [required: Any, installed: 1.17.0]
├── openapi-spec-validator [required: >=0.7.1,<0.8.0, installed: 0.7.1]
│   ├── jsonschema [required: >=4.18.0,<5.0.0, installed: 4.23.0]
│   │   ├── attrs [required: >=22.2.0, installed: 25.1.0]
│   │   ├── jsonschema-specifications [required: >=2023.03.6, installed: 2024.10.1]
│   │   │   └── referencing [required: >=0.31.0, installed: 0.36.2]
│   │   │       ├── attrs [required: >=22.2.0, installed: 25.1.0]
│   │   │       └── rpds-py [required: >=0.7.0, installed: 0.22.3]
│   │   ├── referencing [required: >=0.28.4, installed: 0.36.2]
│   │   │   ├── attrs [required: >=22.2.0, installed: 25.1.0]
│   │   │   └── rpds-py [required: >=0.7.0, installed: 0.22.3]
│   │   └── rpds-py [required: >=0.7.1, installed: 0.22.3]
│   ├── jsonschema-path [required: >=0.3.1,<0.4.0, installed: 0.3.4]
│   │   ├── pathable [required: >=0.4.1,<0.5.0, installed: 0.4.4]
│   │   ├── PyYAML [required: >=5.1, installed: 6.0.2]
│   │   ├── referencing [required: <0.37.0, installed: 0.36.2]
│   │   │   ├── attrs [required: >=22.2.0, installed: 25.1.0]
│   │   │   └── rpds-py [required: >=0.7.0, installed: 0.22.3]
│   │   └── requests [required: >=2.31.0,<3.0.0, installed: 2.32.3]
│   │       ├── certifi [required: >=2017.4.17, installed: 2025.1.31]
│   │       ├── charset-normalizer [required: >=2,<4, installed: 3.4.1]
│   │       ├── idna [required: >=2.5,<4, installed: 3.10]
│   │       └── urllib3 [required: >=1.21.1,<3, installed: 2.3.0]
│   ├── lazy-object-proxy [required: >=1.7.1,<2.0.0, installed: 1.10.0]
│   └── openapi-schema-validator [required: >=0.6.0,<0.7.0, installed: 0.6.3]
│       ├── jsonschema [required: >=4.19.1,<5.0.0, installed: 4.23.0]
│       │   ├── attrs [required: >=22.2.0, installed: 25.1.0]
│       │   ├── jsonschema-specifications [required: >=2023.03.6, installed: 2024.10.1]
│       │   │   └── referencing [required: >=0.31.0, installed: 0.36.2]
│       │   │       ├── attrs [required: >=22.2.0, installed: 25.1.0]
│       │   │       └── rpds-py [required: >=0.7.0, installed: 0.22.3]
│       │   ├── referencing [required: >=0.28.4, installed: 0.36.2]
│       │   │   ├── attrs [required: >=22.2.0, installed: 25.1.0]
│       │   │   └── rpds-py [required: >=0.7.0, installed: 0.22.3]
│       │   └── rpds-py [required: >=0.7.1, installed: 0.22.3]
│       ├── jsonschema-specifications [required: >=2023.5.2, installed: 2024.10.1]
│       │   └── referencing [required: >=0.31.0, installed: 0.36.2]
│       │       ├── attrs [required: >=22.2.0, installed: 25.1.0]
│       │       └── rpds-py [required: >=0.7.0, installed: 0.22.3]
│       └── rfc3339-validator [required: Any, installed: 0.1.4]
│           └── six [required: Any, installed: 1.17.0]
├── parse [required: Any, installed: 1.20.2]
└── Werkzeug [required: Any, installed: 3.1.3]
    └── MarkupSafe [required: >=2.1.1, installed: 3.0.2]
pipdeptree==2.25.0
├── packaging [required: >=24.1, installed: 24.2]
└── pip [required: >=24.2, installed: 25.0.1]
pycycle==0.0.8
├── click [required: >=6.7, installed: 8.1.8]
├── click-completion [required: Any, installed: 0.5.2]
│   ├── click [required: Any, installed: 8.1.8]
│   ├── Jinja2 [required: Any, installed: 3.1.5]
│   │   └── MarkupSafe [required: >=2.0, installed: 3.0.2]
│   ├── shellingham [required: Any, installed: 1.5.4]
│   └── six [required: Any, installed: 1.17.0]
├── crayons [required: Any, installed: 0.4.0]
│   └── colorama [required: Any, installed: 0.4.6]
└── pytest [required: Any, installed: 8.3.4]
    ├── iniconfig [required: Any, installed: 2.0.0]
    ├── packaging [required: Any, installed: 24.2]
    └── pluggy [required: >=1.5,<2, installed: 1.5.0]
pytest-asyncio==0.25.3
└── pytest [required: >=8.2,<9, installed: 8.3.4]
    ├── iniconfig [required: Any, installed: 2.0.0]
    ├── packaging [required: Any, installed: 24.2]
    └── pluggy [required: >=1.5,<2, installed: 1.5.0]
pytest-cov==6.0.0
├── coverage [required: >=7.5, installed: 7.6.12]
└── pytest [required: >=4.6, installed: 8.3.4]
    ├── iniconfig [required: Any, installed: 2.0.0]
    ├── packaging [required: Any, installed: 24.2]
    └── pluggy [required: >=1.5,<2, installed: 1.5.0]
pytest-mock==3.14.0
└── pytest [required: >=6.2.5, installed: 8.3.4]
    ├── iniconfig [required: Any, installed: 2.0.0]
    ├── packaging [required: Any, installed: 24.2]
    └── pluggy [required: >=1.5,<2, installed: 1.5.0]
requests-mock==1.12.1
└── requests [required: >=2.22,<3, installed: 2.32.3]
    ├── certifi [required: >=2017.4.17, installed: 2025.1.31]
    ├── charset-normalizer [required: >=2,<4, installed: 3.4.1]
    ├── idna [required: >=2.5,<4, installed: 3.10]
    └── urllib3 [required: >=1.21.1,<3, installed: 2.3.0]
types-requests==2.32.0.20241016
└── urllib3 [required: >=2, installed: 2.3.0]
wipac-rest-tools
├── cachetools [required: Any, installed: 5.5.1]
├── PyJWT [required: !=2.6.0, installed: 2.10.1]
├── qrcode [required: Any, installed: 8.0]
├── requests [required: Any, installed: 2.32.3]
│   ├── certifi [required: >=2017.4.17, installed: 2025.1.31]
│   ├── charset-normalizer [required: >=2,<4, installed: 3.4.1]
│   ├── idna [required: >=2.5,<4, installed: 3.10]
│   └── urllib3 [required: >=1.21.1,<3, installed: 2.3.0]
├── requests-futures [required: Any, installed: 1.0.2]
│   └── requests [required: >=1.2.0, installed: 2.32.3]
│       ├── certifi [required: >=2017.4.17, installed: 2025.1.31]
│       ├── charset-normalizer [required: >=2,<4, installed: 3.4.1]
│       ├── idna [required: >=2.5,<4, installed: 3.10]
│       └── urllib3 [required: >=1.21.1,<3, installed: 2.3.0]
├── tornado [required: Any, installed: 6.4.2]
├── urllib3 [required: >=2.0.4, installed: 2.3.0]
└── wipac-dev-tools [required: Any, installed: 1.15.3]
    ├── requests [required: Any, installed: 2.32.3]
    │   ├── certifi [required: >=2017.4.17, installed: 2025.1.31]
    │   ├── charset-normalizer [required: >=2,<4, installed: 3.4.1]
    │   ├── idna [required: >=2.5,<4, installed: 3.10]
    │   └── urllib3 [required: >=1.21.1,<3, installed: 2.3.0]
    └── typing_extensions [required: Any, installed: 4.12.2]
wipac-telemetry==0.3.1
├── coloredlogs [required: Any, installed: 15.0.1]
│   └── humanfriendly [required: >=9.1, installed: 10.0]
├── opentelemetry-api [required: Any, installed: 1.30.0]
│   ├── Deprecated [required: >=1.2.6, installed: 1.2.18]
│   │   └── wrapt [required: >=1.10,<2, installed: 1.17.2]
│   └── importlib_metadata [required: >=6.0,<=8.5.0, installed: 8.5.0]
│       └── zipp [required: >=3.20, installed: 3.21.0]
├── opentelemetry-exporter-jaeger [required: Any, installed: 1.21.0]
│   ├── opentelemetry-exporter-jaeger-proto-grpc [required: ==1.21.0, installed: 1.21.0]
│   │   ├── googleapis-common-protos [required: ~=1.52,<1.60.0, installed: 1.56.1]
│   │   │   └── protobuf [required: >=3.15.0, installed: 5.29.3]
│   │   ├── grpcio [required: >=1.0.0,<2.0.0, installed: 1.70.0]
│   │   ├── opentelemetry-api [required: ~=1.3, installed: 1.30.0]
│   │   │   ├── Deprecated [required: >=1.2.6, installed: 1.2.18]
│   │   │   │   └── wrapt [required: >=1.10,<2, installed: 1.17.2]
│   │   │   └── importlib_metadata [required: >=6.0,<=8.5.0, installed: 8.5.0]
│   │   │       └── zipp [required: >=3.20, installed: 3.21.0]
│   │   └── opentelemetry-sdk [required: ~=1.11, installed: 1.30.0]
│   │       ├── opentelemetry-api [required: ==1.30.0, installed: 1.30.0]
│   │       │   ├── Deprecated [required: >=1.2.6, installed: 1.2.18]
│   │       │   │   └── wrapt [required: >=1.10,<2, installed: 1.17.2]
│   │       │   └── importlib_metadata [required: >=6.0,<=8.5.0, installed: 8.5.0]
│   │       │       └── zipp [required: >=3.20, installed: 3.21.0]
│   │       ├── opentelemetry-semantic-conventions [required: ==0.51b0, installed: 0.51b0]
│   │       │   ├── Deprecated [required: >=1.2.6, installed: 1.2.18]
│   │       │   │   └── wrapt [required: >=1.10,<2, installed: 1.17.2]
│   │       │   └── opentelemetry-api [required: ==1.30.0, installed: 1.30.0]
│   │       │       ├── Deprecated [required: >=1.2.6, installed: 1.2.18]
│   │       │       │   └── wrapt [required: >=1.10,<2, installed: 1.17.2]
│   │       │       └── importlib_metadata [required: >=6.0,<=8.5.0, installed: 8.5.0]
│   │       │           └── zipp [required: >=3.20, installed: 3.21.0]
│   │       └── typing_extensions [required: >=3.7.4, installed: 4.12.2]
│   └── opentelemetry-exporter-jaeger-thrift [required: ==1.21.0, installed: 1.21.0]
│       ├── opentelemetry-api [required: ~=1.3, installed: 1.30.0]
│       │   ├── Deprecated [required: >=1.2.6, installed: 1.2.18]
│       │   │   └── wrapt [required: >=1.10,<2, installed: 1.17.2]
│       │   └── importlib_metadata [required: >=6.0,<=8.5.0, installed: 8.5.0]
│       │       └── zipp [required: >=3.20, installed: 3.21.0]
│       ├── opentelemetry-sdk [required: ~=1.11, installed: 1.30.0]
│       │   ├── opentelemetry-api [required: ==1.30.0, installed: 1.30.0]
│       │   │   ├── Deprecated [required: >=1.2.6, installed: 1.2.18]
│       │   │   │   └── wrapt [required: >=1.10,<2, installed: 1.17.2]
│       │   │   └── importlib_metadata [required: >=6.0,<=8.5.0, installed: 8.5.0]
│       │   │       └── zipp [required: >=3.20, installed: 3.21.0]
│       │   ├── opentelemetry-semantic-conventions [required: ==0.51b0, installed: 0.51b0]
│       │   │   ├── Deprecated [required: >=1.2.6, installed: 1.2.18]
│       │   │   │   └── wrapt [required: >=1.10,<2, installed: 1.17.2]
│       │   │   └── opentelemetry-api [required: ==1.30.0, installed: 1.30.0]
│       │   │       ├── Deprecated [required: >=1.2.6, installed: 1.2.18]
│       │   │       │   └── wrapt [required: >=1.10,<2, installed: 1.17.2]
│       │   │       └── importlib_metadata [required: >=6.0,<=8.5.0, installed: 8.5.0]
│       │   │           └── zipp [required: >=3.20, installed: 3.21.0]
│       │   └── typing_extensions [required: >=3.7.4, installed: 4.12.2]
│       └── thrift [required: >=0.10.0, installed: 0.21.0]
│           └── six [required: >=1.7.2, installed: 1.17.0]
├── opentelemetry-exporter-otlp-proto-http [required: Any, installed: 1.30.0]
│   ├── Deprecated [required: >=1.2.6, installed: 1.2.18]
│   │   └── wrapt [required: >=1.10,<2, installed: 1.17.2]
│   ├── googleapis-common-protos [required: ~=1.52, installed: 1.56.1]
│   │   └── protobuf [required: >=3.15.0, installed: 5.29.3]
│   ├── opentelemetry-api [required: ~=1.15, installed: 1.30.0]
│   │   ├── Deprecated [required: >=1.2.6, installed: 1.2.18]
│   │   │   └── wrapt [required: >=1.10,<2, installed: 1.17.2]
│   │   └── importlib_metadata [required: >=6.0,<=8.5.0, installed: 8.5.0]
│   │       └── zipp [required: >=3.20, installed: 3.21.0]
│   ├── opentelemetry-exporter-otlp-proto-common [required: ==1.30.0, installed: 1.30.0]
│   │   └── opentelemetry-proto [required: ==1.30.0, installed: 1.30.0]
│   │       └── protobuf [required: >=5.0,<6.0, installed: 5.29.3]
│   ├── opentelemetry-proto [required: ==1.30.0, installed: 1.30.0]
│   │   └── protobuf [required: >=5.0,<6.0, installed: 5.29.3]
│   ├── opentelemetry-sdk [required: ~=1.30.0, installed: 1.30.0]
│   │   ├── opentelemetry-api [required: ==1.30.0, installed: 1.30.0]
│   │   │   ├── Deprecated [required: >=1.2.6, installed: 1.2.18]
│   │   │   │   └── wrapt [required: >=1.10,<2, installed: 1.17.2]
│   │   │   └── importlib_metadata [required: >=6.0,<=8.5.0, installed: 8.5.0]
│   │   │       └── zipp [required: >=3.20, installed: 3.21.0]
│   │   ├── opentelemetry-semantic-conventions [required: ==0.51b0, installed: 0.51b0]
│   │   │   ├── Deprecated [required: >=1.2.6, installed: 1.2.18]
│   │   │   │   └── wrapt [required: >=1.10,<2, installed: 1.17.2]
│   │   │   └── opentelemetry-api [required: ==1.30.0, installed: 1.30.0]
│   │   │       ├── Deprecated [required: >=1.2.6, installed: 1.2.18]
│   │   │       │   └── wrapt [required: >=1.10,<2, installed: 1.17.2]
│   │   │       └── importlib_metadata [required: >=6.0,<=8.5.0, installed: 8.5.0]
│   │   │           └── zipp [required: >=3.20, installed: 3.21.0]
│   │   └── typing_extensions [required: >=3.7.4, installed: 4.12.2]
│   └── requests [required: ~=2.7, installed: 2.32.3]
│       ├── certifi [required: >=2017.4.17, installed: 2025.1.31]
│       ├── charset-normalizer [required: >=2,<4, installed: 3.4.1]
│       ├── idna [required: >=2.5,<4, installed: 3.10]
│       └── urllib3 [required: >=1.21.1,<3, installed: 2.3.0]
├── opentelemetry-sdk [required: Any, installed: 1.30.0]
│   ├── opentelemetry-api [required: ==1.30.0, installed: 1.30.0]
│   │   ├── Deprecated [required: >=1.2.6, installed: 1.2.18]
│   │   │   └── wrapt [required: >=1.10,<2, installed: 1.17.2]
│   │   └── importlib_metadata [required: >=6.0,<=8.5.0, installed: 8.5.0]
│   │       └── zipp [required: >=3.20, installed: 3.21.0]
│   ├── opentelemetry-semantic-conventions [required: ==0.51b0, installed: 0.51b0]
│   │   ├── Deprecated [required: >=1.2.6, installed: 1.2.18]
│   │   │   └── wrapt [required: >=1.10,<2, installed: 1.17.2]
│   │   └── opentelemetry-api [required: ==1.30.0, installed: 1.30.0]
│   │       ├── Deprecated [required: >=1.2.6, installed: 1.2.18]
│   │       │   └── wrapt [required: >=1.10,<2, installed: 1.17.2]
│   │       └── importlib_metadata [required: >=6.0,<=8.5.0, installed: 8.5.0]
│   │           └── zipp [required: >=3.20, installed: 3.21.0]
│   └── typing_extensions [required: >=3.7.4, installed: 4.12.2]
├── protobuf [required: Any, installed: 5.29.3]
├── typing_extensions [required: Any, installed: 4.12.2]
└── wipac-dev-tools [required: Any, installed: 1.15.3]
    ├── requests [required: Any, installed: 2.32.3]
    │   ├── certifi [required: >=2017.4.17, installed: 2025.1.31]
    │   ├── charset-normalizer [required: >=2,<4, installed: 3.4.1]
    │   ├── idna [required: >=2.5,<4, installed: 3.10]
    │   └── urllib3 [required: >=1.21.1,<3, installed: 2.3.0]
    └── typing_extensions [required: Any, installed: 4.12.2]
