#
# This file was autogenerated by WIPACrepo/wipac-dev-py-dependencies-action
#   from `pip install .`
#   using Python 3.13.
#
########################################################################
#  pip freeze
########################################################################
cachetools==5.5.1
certifi==2025.1.31
cffi==1.17.1
charset-normalizer==3.4.1
cryptography==44.0.1
idna==3.10
pycparser==2.22
PyJWT==2.10.1
qrcode==8.0
requests==2.32.3
requests-futures==1.0.2
tornado==6.4.2
typing_extensions==4.12.2
urllib3==2.3.0
wipac-dev-tools==1.15.3
########################################################################
#  pipdeptree
########################################################################
cryptography==44.0.1
└── cffi [required: >=1.12, installed: 1.17.1]
    └── pycparser [required: Any, installed: 2.22]
pipdeptree==2.25.0
├── packaging [required: >=24.1, installed: 24.2]
└── pip [required: >=24.2, installed: 25.0.1]
wipac-rest-tools
├── cachetools [required: Any, installed: 5.5.1]
├── PyJWT [required: !=2.6.0, installed: 2.10.1]
├── qrcode [required: Any, installed: 8.0]
├── requests [required: Any, installed: 2.32.3]
│   ├── certifi [required: >=2017.4.17, installed: 2025.1.31]
│   ├── charset-normalizer [required: >=2,<4, installed: 3.4.1]
│   ├── idna [required: >=2.5,<4, installed: 3.10]
│   └── urllib3 [required: >=1.21.1,<3, installed: 2.3.0]
├── requests-futures [required: Any, installed: 1.0.2]
│   └── requests [required: >=1.2.0, installed: 2.32.3]
│       ├── certifi [required: >=2017.4.17, installed: 2025.1.31]
│       ├── charset-normalizer [required: >=2,<4, installed: 3.4.1]
│       ├── idna [required: >=2.5,<4, installed: 3.10]
│       └── urllib3 [required: >=1.21.1,<3, installed: 2.3.0]
├── tornado [required: Any, installed: 6.4.2]
├── urllib3 [required: >=2.0.4, installed: 2.3.0]
└── wipac-dev-tools [required: Any, installed: 1.15.3]
    ├── requests [required: Any, installed: 2.32.3]
    │   ├── certifi [required: >=2017.4.17, installed: 2025.1.31]
    │   ├── charset-normalizer [required: >=2,<4, installed: 3.4.1]
    │   ├── idna [required: >=2.5,<4, installed: 3.10]
    │   └── urllib3 [required: >=1.21.1,<3, installed: 2.3.0]
    └── typing_extensions [required: Any, installed: 4.12.2]
