#
# This file was autogenerated by WIPACrepo/wipac-dev-py-dependencies-action
#   from `pip install .[openapi]`
#   using Python 3.13.
#
########################################################################
#  pip freeze
########################################################################
attrs==25.3.0
cachetools==5.5.2
certifi==2025.1.31
cffi==1.17.1
charset-normalizer==3.4.1
cryptography==44.0.2
idna==3.10
isodate==0.7.2
jsonschema==4.23.0
jsonschema-path==0.3.4
jsonschema-specifications==2024.10.1
lazy-object-proxy==1.10.0
MarkupSafe==3.0.2
more-itertools==10.6.0
openapi-core==0.19.5
openapi-schema-validator==0.6.3
openapi-spec-validator==0.7.1
parse==1.20.2
pathable==0.4.4
pycparser==2.22
PyJWT==2.10.1
PyYAML==6.0.2
qrcode==8.1
referencing==0.36.2
requests==2.32.3
requests-futures==1.0.2
rfc3339-validator==0.1.4
rpds-py==0.24.0
six==1.17.0
tornado==6.4.2
typing_extensions==4.13.2
urllib3==2.4.0
Werkzeug==3.1.1
wipac-dev-tools==1.16.2
########################################################################
#  pipdeptree
########################################################################
cryptography==44.0.2
└── cffi [required: >=1.12, installed: 1.17.1]
    └── pycparser [required: Any, installed: 2.22]
openapi-core==0.19.5
├── isodate [required: Any, installed: 0.7.2]
├── jsonschema [required: >=4.18.0,<5.0.0, installed: 4.23.0]
│   ├── attrs [required: >=22.2.0, installed: 25.3.0]
│   ├── jsonschema-specifications [required: >=2023.03.6, installed: 2024.10.1]
│   │   └── referencing [required: >=0.31.0, installed: 0.36.2]
│   │       ├── attrs [required: >=22.2.0, installed: 25.3.0]
│   │       └── rpds-py [required: >=0.7.0, installed: 0.24.0]
│   ├── referencing [required: >=0.28.4, installed: 0.36.2]
│   │   ├── attrs [required: >=22.2.0, installed: 25.3.0]
│   │   └── rpds-py [required: >=0.7.0, installed: 0.24.0]
│   └── rpds-py [required: >=0.7.1, installed: 0.24.0]
├── jsonschema-path [required: >=0.3.1,<0.4.0, installed: 0.3.4]
│   ├── PyYAML [required: >=5.1, installed: 6.0.2]
│   ├── pathable [required: >=0.4.1,<0.5.0, installed: 0.4.4]
│   ├── referencing [required: <0.37.0, installed: 0.36.2]
│   │   ├── attrs [required: >=22.2.0, installed: 25.3.0]
│   │   └── rpds-py [required: >=0.7.0, installed: 0.24.0]
│   └── requests [required: >=2.31.0,<3.0.0, installed: 2.32.3]
│       ├── charset-normalizer [required: >=2,<4, installed: 3.4.1]
│       ├── idna [required: >=2.5,<4, installed: 3.10]
│       ├── urllib3 [required: >=1.21.1,<3, installed: 2.4.0]
│       └── certifi [required: >=2017.4.17, installed: 2025.1.31]
├── more-itertools [required: Any, installed: 10.6.0]
├── openapi-schema-validator [required: >=0.6.0,<0.7.0, installed: 0.6.3]
│   ├── jsonschema [required: >=4.19.1,<5.0.0, installed: 4.23.0]
│   │   ├── attrs [required: >=22.2.0, installed: 25.3.0]
│   │   ├── jsonschema-specifications [required: >=2023.03.6, installed: 2024.10.1]
│   │   │   └── referencing [required: >=0.31.0, installed: 0.36.2]
│   │   │       ├── attrs [required: >=22.2.0, installed: 25.3.0]
│   │   │       └── rpds-py [required: >=0.7.0, installed: 0.24.0]
│   │   ├── referencing [required: >=0.28.4, installed: 0.36.2]
│   │   │   ├── attrs [required: >=22.2.0, installed: 25.3.0]
│   │   │   └── rpds-py [required: >=0.7.0, installed: 0.24.0]
│   │   └── rpds-py [required: >=0.7.1, installed: 0.24.0]
│   ├── jsonschema-specifications [required: >=2023.5.2, installed: 2024.10.1]
│   │   └── referencing [required: >=0.31.0, installed: 0.36.2]
│   │       ├── attrs [required: >=22.2.0, installed: 25.3.0]
│   │       └── rpds-py [required: >=0.7.0, installed: 0.24.0]
│   └── rfc3339-validator [required: Any, installed: 0.1.4]
│       └── six [required: Any, installed: 1.17.0]
├── openapi-spec-validator [required: >=0.7.1,<0.8.0, installed: 0.7.1]
│   ├── jsonschema [required: >=4.18.0,<5.0.0, installed: 4.23.0]
│   │   ├── attrs [required: >=22.2.0, installed: 25.3.0]
│   │   ├── jsonschema-specifications [required: >=2023.03.6, installed: 2024.10.1]
│   │   │   └── referencing [required: >=0.31.0, installed: 0.36.2]
│   │   │       ├── attrs [required: >=22.2.0, installed: 25.3.0]
│   │   │       └── rpds-py [required: >=0.7.0, installed: 0.24.0]
│   │   ├── referencing [required: >=0.28.4, installed: 0.36.2]
│   │   │   ├── attrs [required: >=22.2.0, installed: 25.3.0]
│   │   │   └── rpds-py [required: >=0.7.0, installed: 0.24.0]
│   │   └── rpds-py [required: >=0.7.1, installed: 0.24.0]
│   ├── jsonschema-path [required: >=0.3.1,<0.4.0, installed: 0.3.4]
│   │   ├── PyYAML [required: >=5.1, installed: 6.0.2]
│   │   ├── pathable [required: >=0.4.1,<0.5.0, installed: 0.4.4]
│   │   ├── referencing [required: <0.37.0, installed: 0.36.2]
│   │   │   ├── attrs [required: >=22.2.0, installed: 25.3.0]
│   │   │   └── rpds-py [required: >=0.7.0, installed: 0.24.0]
│   │   └── requests [required: >=2.31.0,<3.0.0, installed: 2.32.3]
│   │       ├── charset-normalizer [required: >=2,<4, installed: 3.4.1]
│   │       ├── idna [required: >=2.5,<4, installed: 3.10]
│   │       ├── urllib3 [required: >=1.21.1,<3, installed: 2.4.0]
│   │       └── certifi [required: >=2017.4.17, installed: 2025.1.31]
│   ├── lazy-object-proxy [required: >=1.7.1,<2.0.0, installed: 1.10.0]
│   └── openapi-schema-validator [required: >=0.6.0,<0.7.0, installed: 0.6.3]
│       ├── jsonschema [required: >=4.19.1,<5.0.0, installed: 4.23.0]
│       │   ├── attrs [required: >=22.2.0, installed: 25.3.0]
│       │   ├── jsonschema-specifications [required: >=2023.03.6, installed: 2024.10.1]
│       │   │   └── referencing [required: >=0.31.0, installed: 0.36.2]
│       │   │       ├── attrs [required: >=22.2.0, installed: 25.3.0]
│       │   │       └── rpds-py [required: >=0.7.0, installed: 0.24.0]
│       │   ├── referencing [required: >=0.28.4, installed: 0.36.2]
│       │   │   ├── attrs [required: >=22.2.0, installed: 25.3.0]
│       │   │   └── rpds-py [required: >=0.7.0, installed: 0.24.0]
│       │   └── rpds-py [required: >=0.7.1, installed: 0.24.0]
│       ├── jsonschema-specifications [required: >=2023.5.2, installed: 2024.10.1]
│       │   └── referencing [required: >=0.31.0, installed: 0.36.2]
│       │       ├── attrs [required: >=22.2.0, installed: 25.3.0]
│       │       └── rpds-py [required: >=0.7.0, installed: 0.24.0]
│       └── rfc3339-validator [required: Any, installed: 0.1.4]
│           └── six [required: Any, installed: 1.17.0]
├── parse [required: Any, installed: 1.20.2]
├── typing_extensions [required: >=4.8.0,<5.0.0, installed: 4.13.2]
└── Werkzeug [required: <3.1.2, installed: 3.1.1]
    └── MarkupSafe [required: >=2.1.1, installed: 3.0.2]
pipdeptree==2.26.0
├── packaging [required: >=24.1, installed: 24.2]
└── pip [required: >=24.2, installed: 25.0.1]
wipac-rest-tools
├── cachetools [required: Any, installed: 5.5.2]
├── PyJWT [required: !=2.6.0, installed: 2.10.1]
├── qrcode [required: Any, installed: 8.1]
├── requests [required: Any, installed: 2.32.3]
│   ├── charset-normalizer [required: >=2,<4, installed: 3.4.1]
│   ├── idna [required: >=2.5,<4, installed: 3.10]
│   ├── urllib3 [required: >=1.21.1,<3, installed: 2.4.0]
│   └── certifi [required: >=2017.4.17, installed: 2025.1.31]
├── requests-futures [required: Any, installed: 1.0.2]
│   └── requests [required: >=1.2.0, installed: 2.32.3]
│       ├── charset-normalizer [required: >=2,<4, installed: 3.4.1]
│       ├── idna [required: >=2.5,<4, installed: 3.10]
│       ├── urllib3 [required: >=1.21.1,<3, installed: 2.4.0]
│       └── certifi [required: >=2017.4.17, installed: 2025.1.31]
├── tornado [required: Any, installed: 6.4.2]
├── urllib3 [required: >=2.0.4, installed: 2.4.0]
└── wipac-dev-tools [required: Any, installed: 1.16.2]
    ├── requests [required: Any, installed: 2.32.3]
    │   ├── charset-normalizer [required: >=2,<4, installed: 3.4.1]
    │   ├── idna [required: >=2.5,<4, installed: 3.10]
    │   ├── urllib3 [required: >=1.21.1,<3, installed: 2.4.0]
    │   └── certifi [required: >=2017.4.17, installed: 2025.1.31]
    └── typing_extensions [required: Any, installed: 4.13.2]
